<?xml version="1.0" encoding="UTF-8"?>
<testng-results skipped="0" failed="1" ignored="0" total="1" passed="0">
  <reporter-output>
    <line>
      <![CDATA[Test suite setup is started]]>
    </line>
    <line>
      <![CDATA[Test suite setup is completed]]>
    </line>
    <line>
      <![CDATA[Open browser setup is started]]>
    </line>
    <line>
      <![CDATA[Browser is opened]]>
    </line>
    <line>
      <![CDATA[Extent report is generated with screenshot]]>
    </line>
    <line>
      <![CDATA[Browser is closed]]>
    </line>
  </reporter-output>
  <suite name="Default suite" duration-ms="68074" started-at="2020-07-19T12:44:10 IST" finished-at="2020-07-19T12:45:18 IST">
    <groups>
    </groups>
    <test name="Default test" duration-ms="68074" started-at="2020-07-19T12:44:10 IST" finished-at="2020-07-19T12:45:18 IST">
      <class name="com.ecommerce.testcases.VerifyInvoicePrinted">
        <test-method status="PASS" signature="setUp()[pri:0, instance:com.ecommerce.testcases.VerifyInvoicePrinted@64729b1e]" name="setUp" is-config="true" duration-ms="187" started-at="2020-07-19T12:44:10 IST" finished-at="2020-07-19T12:44:10 IST">
          <reporter-output>
            <line>
              <![CDATA[Test suite setup is started]]>
            </line>
            <line>
              <![CDATA[Test suite setup is completed]]>
            </line>
          </reporter-output>
        </test-method> <!-- setUp -->
        <test-method status="PASS" signature="OpenApplication()[pri:0, instance:com.ecommerce.testcases.VerifyInvoicePrinted@64729b1e]" name="OpenApplication" is-config="true" duration-ms="22608" started-at="2020-07-19T12:44:10 IST" finished-at="2020-07-19T12:44:32 IST">
          <reporter-output>
            <line>
              <![CDATA[Open browser setup is started]]>
            </line>
            <line>
              <![CDATA[Browser is opened]]>
            </line>
          </reporter-output>
        </test-method> <!-- OpenApplication -->
        <test-method status="FAIL" signature="printInvoice()[pri:0, instance:com.ecommerce.testcases.VerifyInvoicePrinted@64729b1e]" name="printInvoice" duration-ms="43578" started-at="2020-07-19T12:44:32 IST" finished-at="2020-07-19T12:45:16 IST">
          <exception class="java.lang.AssertionError">
            <message>
              <![CDATA[expected [true] but found [false]]]>
            </message>
            <full-stacktrace>
              <![CDATA[java.lang.AssertionError: expected [true] but found [false]
at org.testng.Assert.fail(Assert.java:97)
at org.testng.Assert.failNotEquals(Assert.java:969)
at org.testng.Assert.assertTrue(Assert.java:43)
at org.testng.Assert.assertTrue(Assert.java:53)
at com.ecommerce.testcases.VerifyInvoicePrinted.printInvoice(VerifyInvoicePrinted.java:85)
at sun.reflect.NativeMethodAccessorImpl.invoke0(Native Method)
at sun.reflect.NativeMethodAccessorImpl.invoke(NativeMethodAccessorImpl.java:62)
at sun.reflect.DelegatingMethodAccessorImpl.invoke(DelegatingMethodAccessorImpl.java:43)
at java.lang.reflect.Method.invoke(Method.java:498)
at org.testng.internal.MethodInvocationHelper.invokeMethod(MethodInvocationHelper.java:134)
at org.testng.internal.TestInvoker.invokeMethod(TestInvoker.java:597)
at org.testng.internal.TestInvoker.invokeTestMethod(TestInvoker.java:173)
at org.testng.internal.MethodRunner.runInSequence(MethodRunner.java:46)
at org.testng.internal.TestInvoker$MethodInvocationAgent.invoke(TestInvoker.java:816)
at org.testng.internal.TestInvoker.invokeTestMethods(TestInvoker.java:146)
at org.testng.internal.TestMethodWorker.invokeTestMethods(TestMethodWorker.java:146)
at org.testng.internal.TestMethodWorker.run(TestMethodWorker.java:128)
at java.util.ArrayList.forEach(ArrayList.java:1249)
at org.testng.TestRunner.privateRun(TestRunner.java:766)
at org.testng.TestRunner.run(TestRunner.java:587)
at org.testng.SuiteRunner.runTest(SuiteRunner.java:384)
at org.testng.SuiteRunner.runSequentially(SuiteRunner.java:378)
at org.testng.SuiteRunner.privateRun(SuiteRunner.java:337)
at org.testng.SuiteRunner.run(SuiteRunner.java:286)
at org.testng.SuiteRunnerWorker.runSuite(SuiteRunnerWorker.java:53)
at org.testng.SuiteRunnerWorker.run(SuiteRunnerWorker.java:96)
at org.testng.TestNG.runSuitesSequentially(TestNG.java:1187)
at org.testng.TestNG.runSuitesLocally(TestNG.java:1109)
at org.testng.TestNG.runSuites(TestNG.java:1039)
at org.testng.TestNG.run(TestNG.java:1007)
at org.testng.remote.AbstractRemoteTestNG.run(AbstractRemoteTestNG.java:115)
at org.testng.remote.RemoteTestNG.initAndRun(RemoteTestNG.java:251)
at org.testng.remote.RemoteTestNG.main(RemoteTestNG.java:77)
]]>
            </full-stacktrace>
          </exception> <!-- java.lang.AssertionError -->
          <reporter-output>
          </reporter-output>
        </test-method> <!-- printInvoice -->
        <test-method status="PASS" signature="testResult(org.testng.ITestResult)[pri:0, instance:com.ecommerce.testcases.VerifyInvoicePrinted@64729b1e]" name="testResult" is-config="true" duration-ms="963" started-at="2020-07-19T12:45:16 IST" finished-at="2020-07-19T12:45:17 IST">
          <params>
            <param index="0">
              <value>
                <![CDATA[[TestResult name=printInvoice status=FAILURE method=VerifyInvoicePrinted.printInvoice()[pri:0, instance:com.ecommerce.testcases.VerifyInvoicePrinted@64729b1e] output={null}]]]>
              </value>
            </param>
          </params>
          <reporter-output>
            <line>
              <![CDATA[Extent report is generated with screenshot]]>
            </line>
          </reporter-output>
        </test-method> <!-- testResult -->
        <test-method status="PASS" signature="closeBrowser()[pri:0, instance:com.ecommerce.testcases.VerifyInvoicePrinted@64729b1e]" name="closeBrowser" is-config="true" duration-ms="867" started-at="2020-07-19T12:45:17 IST" finished-at="2020-07-19T12:45:18 IST">
          <reporter-output>
            <line>
              <![CDATA[Browser is closed]]>
            </line>
          </reporter-output>
        </test-method> <!-- closeBrowser -->
      </class> <!-- com.ecommerce.testcases.VerifyInvoicePrinted -->
    </test> <!-- Default test -->
  </suite> <!-- Default suite -->
</testng-results>
